2014/03/26 19:19:08 server initiated
2014/03/26 19:19:08 tram 51b4e3cf-21d3-4706-570f-c05fe800a933 initiated
2014/03/26 19:19:08 tram 51b4e3cf-21d3-4706-570f-c05fe800a933 registered to route 1
2014/03/26 19:19:08 tram f194ff50-9cbf-4104-5222-8f03677bca75 initiated
2014/03/26 19:19:08 tram 0c757454-c89b-4505-465a-c45ee3ce1d20 initiated
2014/03/26 19:19:08 tram 8e0c7e91-7117-4d08-47c1-623d107fb4d0 initiated
2014/03/26 19:19:08 tram 644d1ff6-20d7-40a1-7649-34860e1ca390 initiated
2014/03/26 19:19:08 tram b069a516-e987-4965-7ba8-e88ca5d4e279 initiated
2014/03/26 19:19:08 tram f194ff50-9cbf-4104-5222-8f03677bca75 registered to route 109
2014/03/26 19:19:08 tram 0c757454-c89b-4505-465a-c45ee3ce1d20 registered to route 96
2014/03/26 19:19:08 tram 8e0c7e91-7117-4d08-47c1-623d107fb4d0 registered to route 1
2014/03/26 19:19:08 tram 51b4e3cf-21d3-4706-570f-c05fe800a933 received next stop 2
2014/03/26 19:19:08 tram 644d1ff6-20d7-40a1-7649-34860e1ca390 registered to route 96
2014/03/26 19:19:08 tram b069a516-e987-4965-7ba8-e88ca5d4e279 registered to route 101
2014/03/26 19:19:08 tram f194ff50-9cbf-4104-5222-8f03677bca75 received next stop 87
2014/03/26 19:19:08 tram 0c757454-c89b-4505-465a-c45ee3ce1d20 received next stop 24
2014/03/26 19:19:08 tram 8e0c7e91-7117-4d08-47c1-623d107fb4d0 received next stop 2
2014/03/26 19:19:08 tram 644d1ff6-20d7-40a1-7649-34860e1ca390 received next stop 24
2014/03/26 19:19:08 tram b069a516-e987-4965-7ba8-e88ca5d4e279 received next stop 11
2014/03/26 19:19:19 tram 0c757454-c89b-4505-465a-c45ee3ce1d20 arrived at stop 24
2014/03/26 19:19:19 tram 0c757454-c89b-4505-465a-c45ee3ce1d20 received next stop 2
2014/03/26 19:19:20 tram 8e0c7e91-7117-4d08-47c1-623d107fb4d0 arrived at stop 2
2014/03/26 19:19:20 tram 8e0c7e91-7117-4d08-47c1-623d107fb4d0 received next stop 3
2014/03/26 19:19:21 tram b069a516-e987-4965-7ba8-e88ca5d4e279 arrived at stop 11
2014/03/26 19:19:21 tram b069a516-e987-4965-7ba8-e88ca5d4e279 received next stop 22
2014/03/26 19:19:24 tram 51b4e3cf-21d3-4706-570f-c05fe800a933 arrived at stop 2
2014/03/26 19:19:24 tram 51b4e3cf-21d3-4706-570f-c05fe800a933 received next stop 3
2014/03/26 19:19:26 tram f194ff50-9cbf-4104-5222-8f03677bca75 arrived at stop 87
2014/03/26 19:19:26 tram f194ff50-9cbf-4104-5222-8f03677bca75 received next stop 85
2014/03/26 19:19:27 tram 644d1ff6-20d7-40a1-7649-34860e1ca390 arrived at stop 24
2014/03/26 19:19:27 tram 644d1ff6-20d7-40a1-7649-34860e1ca390 received next stop 2
2014/03/26 19:19:31 tram 0c757454-c89b-4505-465a-c45ee3ce1d20 arrived at stop 2
2014/03/26 19:19:31 tram 0c757454-c89b-4505-465a-c45ee3ce1d20 received next stop 34
2014/03/26 19:19:31 tram 8e0c7e91-7117-4d08-47c1-623d107fb4d0 arrived at stop 3
2014/03/26 19:19:31 tram 8e0c7e91-7117-4d08-47c1-623d107fb4d0 received next stop 4
2014/03/26 19:19:34 tram 51b4e3cf-21d3-4706-570f-c05fe800a933 arrived at stop 3
2014/03/26 19:19:34 tram 51b4e3cf-21d3-4706-570f-c05fe800a933 received next stop 4
2014/03/26 19:19:38 tram b069a516-e987-4965-7ba8-e88ca5d4e279 arrived at stop 22
2014/03/26 19:19:38 tram b069a516-e987-4965-7ba8-e88ca5d4e279 received next stop 34
2014/03/26 19:19:38 tram 644d1ff6-20d7-40a1-7649-34860e1ca390 arrived at stop 2
2014/03/26 19:19:38 tram 644d1ff6-20d7-40a1-7649-34860e1ca390 received next stop 34
2014/03/26 19:19:44 tram f194ff50-9cbf-4104-5222-8f03677bca75 arrived at stop 85
2014/03/26 19:19:44 tram f194ff50-9cbf-4104-5222-8f03677bca75 received next stop 80
2014/03/26 19:19:45 tram 51b4e3cf-21d3-4706-570f-c05fe800a933 arrived at stop 4
2014/03/26 19:19:45 tram 51b4e3cf-21d3-4706-570f-c05fe800a933 received next stop 5
2014/03/26 19:19:46 tram 8e0c7e91-7117-4d08-47c1-623d107fb4d0 arrived at stop 4
2014/03/26 19:19:46 tram 8e0c7e91-7117-4d08-47c1-623d107fb4d0 received next stop 5
2014/03/26 19:19:49 tram 0c757454-c89b-4505-465a-c45ee3ce1d20 arrived at stop 34
2014/03/26 19:19:49 tram 0c757454-c89b-4505-465a-c45ee3ce1d20 received next stop 22
2014/03/26 19:19:54 tram 644d1ff6-20d7-40a1-7649-34860e1ca390 arrived at stop 34
2014/03/26 19:19:54 tram 644d1ff6-20d7-40a1-7649-34860e1ca390 received next stop 22
2014/03/26 19:19:55 tram b069a516-e987-4965-7ba8-e88ca5d4e279 arrived at stop 34
2014/03/26 19:19:55 tram b069a516-e987-4965-7ba8-e88ca5d4e279 received next stop 5
2014/03/26 19:19:59 tram 51b4e3cf-21d3-4706-570f-c05fe800a933 arrived at stop 5
2014/03/26 19:19:59 tram 51b4e3cf-21d3-4706-570f-c05fe800a933 received next stop 4
2014/03/26 19:20:01 tram 8e0c7e91-7117-4d08-47c1-623d107fb4d0 arrived at stop 5
2014/03/26 19:20:01 tram 8e0c7e91-7117-4d08-47c1-623d107fb4d0 received next stop 4
2014/03/26 19:20:03 tram f194ff50-9cbf-4104-5222-8f03677bca75 arrived at stop 80
2014/03/26 19:20:03 tram f194ff50-9cbf-4104-5222-8f03677bca75 received next stop 9
2014/03/26 19:20:03 tram 0c757454-c89b-4505-465a-c45ee3ce1d20 arrived at stop 22
2014/03/26 19:20:03 tram 0c757454-c89b-4505-465a-c45ee3ce1d20 received next stop 34
2014/03/26 19:20:11 tram 644d1ff6-20d7-40a1-7649-34860e1ca390 arrived at stop 22
2014/03/26 19:20:11 tram 644d1ff6-20d7-40a1-7649-34860e1ca390 received next stop 34
2014/03/26 19:20:12 tram 51b4e3cf-21d3-4706-570f-c05fe800a933 arrived at stop 4
2014/03/26 19:20:12 tram 51b4e3cf-21d3-4706-570f-c05fe800a933 received next stop 3
2014/03/26 19:20:13 tram b069a516-e987-4965-7ba8-e88ca5d4e279 arrived at stop 5
2014/03/26 19:20:13 tram b069a516-e987-4965-7ba8-e88ca5d4e279 received next stop 4
2014/03/26 19:20:16 tram f194ff50-9cbf-4104-5222-8f03677bca75 arrived at stop 9
2014/03/26 19:20:16 tram f194ff50-9cbf-4104-5222-8f03677bca75 received next stop 7
2014/03/26 19:20:18 tram 0c757454-c89b-4505-465a-c45ee3ce1d20 arrived at stop 34
2014/03/26 19:20:18 tram 0c757454-c89b-4505-465a-c45ee3ce1d20 received next stop 2
2014/03/26 19:20:19 tram 8e0c7e91-7117-4d08-47c1-623d107fb4d0 arrived at stop 4
2014/03/26 19:20:19 tram 8e0c7e91-7117-4d08-47c1-623d107fb4d0 received next stop 3
2014/03/26 19:20:24 tram 644d1ff6-20d7-40a1-7649-34860e1ca390 arrived at stop 34
2014/03/26 19:20:24 tram 644d1ff6-20d7-40a1-7649-34860e1ca390 received next stop 2
2014/03/26 19:20:28 tram f194ff50-9cbf-4104-5222-8f03677bca75 arrived at stop 7
2014/03/26 19:20:28 tram f194ff50-9cbf-4104-5222-8f03677bca75 received next stop 2
2014/03/26 19:20:31 tram 0c757454-c89b-4505-465a-c45ee3ce1d20 arrived at stop 2
2014/03/26 19:20:31 tram 0c757454-c89b-4505-465a-c45ee3ce1d20 received next stop 24
2014/03/26 19:20:31 tram b069a516-e987-4965-7ba8-e88ca5d4e279 arrived at stop 4
2014/03/26 19:20:31 tram b069a516-e987-4965-7ba8-e88ca5d4e279 received next stop 7
2014/03/26 19:20:31 tram 51b4e3cf-21d3-4706-570f-c05fe800a933 arrived at stop 3
2014/03/26 19:20:31 tram 51b4e3cf-21d3-4706-570f-c05fe800a933 received next stop 2
2014/03/26 19:20:35 tram 644d1ff6-20d7-40a1-7649-34860e1ca390 arrived at stop 2
2014/03/26 19:20:35 tram 644d1ff6-20d7-40a1-7649-34860e1ca390 received next stop 24
2014/03/26 19:20:36 tram 8e0c7e91-7117-4d08-47c1-623d107fb4d0 arrived at stop 3
2014/03/26 19:20:36 tram 8e0c7e91-7117-4d08-47c1-623d107fb4d0 received next stop 2
2014/03/26 19:20:40 tram f194ff50-9cbf-4104-5222-8f03677bca75 arrived at stop 2
2014/03/26 19:20:40 tram f194ff50-9cbf-4104-5222-8f03677bca75 received next stop 1
2014/03/26 19:20:47 tram 8e0c7e91-7117-4d08-47c1-623d107fb4d0 arrived at stop 2
2014/03/26 19:20:47 tram 8e0c7e91-7117-4d08-47c1-623d107fb4d0 received next stop 1
2014/03/26 19:20:48 tram 0c757454-c89b-4505-465a-c45ee3ce1d20 arrived at stop 24
2014/03/26 19:20:48 tram 0c757454-c89b-4505-465a-c45ee3ce1d20 received next stop 23
2014/03/26 19:20:48 tram b069a516-e987-4965-7ba8-e88ca5d4e279 arrived at stop 7
2014/03/26 19:20:48 tram b069a516-e987-4965-7ba8-e88ca5d4e279 received next stop 4
2014/03/26 19:20:49 tram 51b4e3cf-21d3-4706-570f-c05fe800a933 arrived at stop 2
2014/03/26 19:20:49 tram 51b4e3cf-21d3-4706-570f-c05fe800a933 received next stop 1
2014/03/26 19:20:50 tram f194ff50-9cbf-4104-5222-8f03677bca75 arrived at stop 1
2014/03/26 19:20:50 tram f194ff50-9cbf-4104-5222-8f03677bca75 received next stop 2
2014/03/26 19:20:53 tram 644d1ff6-20d7-40a1-7649-34860e1ca390 arrived at stop 24
2014/03/26 19:20:53 tram 644d1ff6-20d7-40a1-7649-34860e1ca390 received next stop 23
2014/03/26 19:20:58 tram 0c757454-c89b-4505-465a-c45ee3ce1d20 arrived at stop 23
2014/03/26 19:20:58 tram 0c757454-c89b-4505-465a-c45ee3ce1d20 received next stop 24
2014/03/26 19:20:59 tram b069a516-e987-4965-7ba8-e88ca5d4e279 arrived at stop 4
2014/03/26 19:20:59 tram b069a516-e987-4965-7ba8-e88ca5d4e279 received next stop 5
2014/03/26 19:21:00 tram 51b4e3cf-21d3-4706-570f-c05fe800a933 arrived at stop 1
2014/03/26 19:21:00 tram 51b4e3cf-21d3-4706-570f-c05fe800a933 received next stop 2
2014/03/26 19:21:00 tram 8e0c7e91-7117-4d08-47c1-623d107fb4d0 arrived at stop 1
2014/03/26 19:21:00 tram 8e0c7e91-7117-4d08-47c1-623d107fb4d0 received next stop 2
2014/03/26 19:21:07 tram f194ff50-9cbf-4104-5222-8f03677bca75 arrived at stop 2
2014/03/26 19:21:07 tram f194ff50-9cbf-4104-5222-8f03677bca75 received next stop 7
2014/03/26 19:21:11 tram 644d1ff6-20d7-40a1-7649-34860e1ca390 arrived at stop 23
2014/03/26 19:21:11 tram 644d1ff6-20d7-40a1-7649-34860e1ca390 received next stop 24
2014/03/26 19:21:12 tram 51b4e3cf-21d3-4706-570f-c05fe800a933 arrived at stop 2
2014/03/26 19:21:12 tram 51b4e3cf-21d3-4706-570f-c05fe800a933 received next stop 3
2014/03/26 19:21:13 tram 8e0c7e91-7117-4d08-47c1-623d107fb4d0 arrived at stop 2
2014/03/26 19:21:13 tram 8e0c7e91-7117-4d08-47c1-623d107fb4d0 received next stop 3
2014/03/26 19:21:15 tram 0c757454-c89b-4505-465a-c45ee3ce1d20 arrived at stop 24
2014/03/26 19:21:15 tram 0c757454-c89b-4505-465a-c45ee3ce1d20 received next stop 2
2014/03/26 19:21:15 tram b069a516-e987-4965-7ba8-e88ca5d4e279 arrived at stop 5
2014/03/26 19:21:15 tram b069a516-e987-4965-7ba8-e88ca5d4e279 received next stop 34
2014/03/26 19:21:24 tram 644d1ff6-20d7-40a1-7649-34860e1ca390 arrived at stop 24
2014/03/26 19:21:24 tram 644d1ff6-20d7-40a1-7649-34860e1ca390 received next stop 2
2014/03/26 19:21:25 tram f194ff50-9cbf-4104-5222-8f03677bca75 arrived at stop 7
2014/03/26 19:21:25 tram f194ff50-9cbf-4104-5222-8f03677bca75 received next stop 9
2014/03/26 19:21:30 tram 0c757454-c89b-4505-465a-c45ee3ce1d20 arrived at stop 2
2014/03/26 19:21:30 tram b069a516-e987-4965-7ba8-e88ca5d4e279 arrived at stop 34
2014/03/26 19:21:30 tram b069a516-e987-4965-7ba8-e88ca5d4e279 received next stop 22
2014/03/26 19:21:30 tram 8e0c7e91-7117-4d08-47c1-623d107fb4d0 arrived at stop 3
2014/03/26 19:21:30 tram 51b4e3cf-21d3-4706-570f-c05fe800a933 arrived at stop 3
2014/03/26 19:21:41 tram 644d1ff6-20d7-40a1-7649-34860e1ca390 arrived at stop 2
2014/03/26 19:21:43 tram f194ff50-9cbf-4104-5222-8f03677bca75 arrived at stop 9
2014/03/26 19:21:46 tram b069a516-e987-4965-7ba8-e88ca5d4e279 arrived at stop 22
2014/03/26 19:22:16 loop timeout, no events for 30 seconds
