2014/03/26 23:12:46 tram 8f8f0fde-60e0-4bce-6a60-a25110094ac2 received next stop 24
2014/03/26 23:13:03 server initiated
2014/03/26 23:13:03 tram 1707bad2-fd5b-4ad5-6a60-4b75a0ae1859 initiated
2014/03/26 23:13:03 tram 2825d943-ac16-42d0-69ac-be1e48556f92 initiated
2014/03/26 23:13:03 tram 073fc6d2-bad2-48bb-57e9-0bbef73ca66e initiated
2014/03/26 23:13:03 tram 46d9be4d-54e2-4dce-4519-13c7c1fe6890 initiated
2014/03/26 23:13:03 tram 410b133b-033f-4419-49c2-308eee554358 initiated
2014/03/26 23:13:03 tram 4e421389-6c5f-451c-4201-d89120cf9018 initiated
2014/03/26 23:13:03 tram 1707bad2-fd5b-4ad5-6a60-4b75a0ae1859 registered to route 1
2014/03/26 23:13:03 tram 410b133b-033f-4419-49c2-308eee554358 registered to route 96
2014/03/26 23:13:03 tram 46d9be4d-54e2-4dce-4519-13c7c1fe6890 registered to route 101
2014/03/26 23:13:03 tram 073fc6d2-bad2-48bb-57e9-0bbef73ca66e registered to route 96
2014/03/26 23:13:03 tram 2825d943-ac16-42d0-69ac-be1e48556f92 registered to route 1
2014/03/26 23:13:03 tram 1707bad2-fd5b-4ad5-6a60-4b75a0ae1859 received next stop 2
2014/03/26 23:13:03 tram 4e421389-6c5f-451c-4201-d89120cf9018 registered to route 109
2014/03/26 23:13:03 tram 410b133b-033f-4419-49c2-308eee554358 received next stop 24
2014/03/26 23:13:03 tram 46d9be4d-54e2-4dce-4519-13c7c1fe6890 received next stop 11
2014/03/26 23:13:03 tram 073fc6d2-bad2-48bb-57e9-0bbef73ca66e received next stop 24
2014/03/26 23:13:03 tram 2825d943-ac16-42d0-69ac-be1e48556f92 received next stop 2
2014/03/26 23:13:03 tram 4e421389-6c5f-451c-4201-d89120cf9018 received next stop 87
2014/03/26 23:13:14 tram 4e421389-6c5f-451c-4201-d89120cf9018 arrived at stop 87
2014/03/26 23:13:14 tram 4e421389-6c5f-451c-4201-d89120cf9018 received next stop 85
2014/03/26 23:13:15 tram 1707bad2-fd5b-4ad5-6a60-4b75a0ae1859 arrived at stop 2
2014/03/26 23:13:15 tram 1707bad2-fd5b-4ad5-6a60-4b75a0ae1859 received next stop 3
2014/03/26 23:13:16 tram 46d9be4d-54e2-4dce-4519-13c7c1fe6890 arrived at stop 11
2014/03/26 23:13:16 tram 46d9be4d-54e2-4dce-4519-13c7c1fe6890 received next stop 22
2014/03/26 23:13:18 tram 073fc6d2-bad2-48bb-57e9-0bbef73ca66e arrived at stop 24
2014/03/26 23:13:18 tram 073fc6d2-bad2-48bb-57e9-0bbef73ca66e received next stop 2
2014/03/26 23:13:20 tram 410b133b-033f-4419-49c2-308eee554358 arrived at stop 24
2014/03/26 23:13:20 tram 410b133b-033f-4419-49c2-308eee554358 received next stop 2
2014/03/26 23:13:22 tram 2825d943-ac16-42d0-69ac-be1e48556f92 arrived at stop 2
2014/03/26 23:13:22 tram 2825d943-ac16-42d0-69ac-be1e48556f92 received next stop 3
2014/03/26 23:13:28 tram 46d9be4d-54e2-4dce-4519-13c7c1fe6890 arrived at stop 22
2014/03/26 23:13:28 tram 46d9be4d-54e2-4dce-4519-13c7c1fe6890 received next stop 34
2014/03/26 23:13:29 tram 073fc6d2-bad2-48bb-57e9-0bbef73ca66e arrived at stop 2
2014/03/26 23:13:29 tram 073fc6d2-bad2-48bb-57e9-0bbef73ca66e received next stop 34
2014/03/26 23:13:31 tram 4e421389-6c5f-451c-4201-d89120cf9018 arrived at stop 85
2014/03/26 23:13:31 tram 4e421389-6c5f-451c-4201-d89120cf9018 received next stop 80
2014/03/26 23:13:32 tram 1707bad2-fd5b-4ad5-6a60-4b75a0ae1859 arrived at stop 3
2014/03/26 23:13:32 tram 1707bad2-fd5b-4ad5-6a60-4b75a0ae1859 received next stop 4
2014/03/26 23:13:36 tram 410b133b-033f-4419-49c2-308eee554358 arrived at stop 2
2014/03/26 23:13:36 tram 410b133b-033f-4419-49c2-308eee554358 received next stop 34
2014/03/26 23:13:38 tram 2825d943-ac16-42d0-69ac-be1e48556f92 arrived at stop 3
2014/03/26 23:13:38 tram 2825d943-ac16-42d0-69ac-be1e48556f92 received next stop 4
2014/03/26 23:13:40 tram 46d9be4d-54e2-4dce-4519-13c7c1fe6890 arrived at stop 34
2014/03/26 23:13:40 tram 46d9be4d-54e2-4dce-4519-13c7c1fe6890 received next stop 5
2014/03/26 23:13:44 tram 1707bad2-fd5b-4ad5-6a60-4b75a0ae1859 arrived at stop 4
2014/03/26 23:13:44 tram 1707bad2-fd5b-4ad5-6a60-4b75a0ae1859 received next stop 5
2014/03/26 23:13:44 tram 4e421389-6c5f-451c-4201-d89120cf9018 arrived at stop 80
2014/03/26 23:13:44 tram 4e421389-6c5f-451c-4201-d89120cf9018 received next stop 9
2014/03/26 23:13:47 tram 073fc6d2-bad2-48bb-57e9-0bbef73ca66e arrived at stop 34
2014/03/26 23:13:47 tram 073fc6d2-bad2-48bb-57e9-0bbef73ca66e received next stop 22
2014/03/26 23:13:50 tram 2825d943-ac16-42d0-69ac-be1e48556f92 arrived at stop 4
2014/03/26 23:13:50 tram 2825d943-ac16-42d0-69ac-be1e48556f92 received next stop 5
2014/03/26 23:13:53 tram 46d9be4d-54e2-4dce-4519-13c7c1fe6890 arrived at stop 5
2014/03/26 23:13:53 tram 46d9be4d-54e2-4dce-4519-13c7c1fe6890 received next stop 4
2014/03/26 23:13:54 tram 410b133b-033f-4419-49c2-308eee554358 arrived at stop 34
2014/03/26 23:13:54 tram 410b133b-033f-4419-49c2-308eee554358 received next stop 22
2014/03/26 23:13:59 tram 1707bad2-fd5b-4ad5-6a60-4b75a0ae1859 arrived at stop 5
2014/03/26 23:13:59 tram 1707bad2-fd5b-4ad5-6a60-4b75a0ae1859 received next stop 4
2014/03/26 23:13:59 tram 073fc6d2-bad2-48bb-57e9-0bbef73ca66e arrived at stop 22
2014/03/26 23:13:59 tram 073fc6d2-bad2-48bb-57e9-0bbef73ca66e received next stop 34
2014/03/26 23:14:03 tram 4e421389-6c5f-451c-4201-d89120cf9018 arrived at stop 9
2014/03/26 23:14:03 tram 4e421389-6c5f-451c-4201-d89120cf9018 received next stop 7
2014/03/26 23:14:04 tram 410b133b-033f-4419-49c2-308eee554358 arrived at stop 22
2014/03/26 23:14:04 tram 410b133b-033f-4419-49c2-308eee554358 received next stop 34
2014/03/26 23:14:07 tram 2825d943-ac16-42d0-69ac-be1e48556f92 arrived at stop 5
2014/03/26 23:14:07 tram 2825d943-ac16-42d0-69ac-be1e48556f92 received next stop 4
2014/03/26 23:14:07 tram 46d9be4d-54e2-4dce-4519-13c7c1fe6890 arrived at stop 4
2014/03/26 23:14:07 tram 46d9be4d-54e2-4dce-4519-13c7c1fe6890 received next stop 7
2014/03/26 23:14:12 tram 1707bad2-fd5b-4ad5-6a60-4b75a0ae1859 arrived at stop 4
2014/03/26 23:14:12 tram 1707bad2-fd5b-4ad5-6a60-4b75a0ae1859 received next stop 3
2014/03/26 23:14:15 tram 073fc6d2-bad2-48bb-57e9-0bbef73ca66e arrived at stop 34
2014/03/26 23:14:15 tram 073fc6d2-bad2-48bb-57e9-0bbef73ca66e received next stop 2
2014/03/26 23:14:22 tram 2825d943-ac16-42d0-69ac-be1e48556f92 arrived at stop 4
2014/03/26 23:14:22 tram 4e421389-6c5f-451c-4201-d89120cf9018 arrived at stop 7
2014/03/26 23:14:22 tram 2825d943-ac16-42d0-69ac-be1e48556f92 received next stop 3
2014/03/26 23:14:22 tram 4e421389-6c5f-451c-4201-d89120cf9018 received next stop 2
2014/03/26 23:14:23 tram 410b133b-033f-4419-49c2-308eee554358 arrived at stop 34
2014/03/26 23:14:23 tram 410b133b-033f-4419-49c2-308eee554358 received next stop 2
2014/03/26 23:14:26 tram 46d9be4d-54e2-4dce-4519-13c7c1fe6890 arrived at stop 7
2014/03/26 23:14:26 tram 46d9be4d-54e2-4dce-4519-13c7c1fe6890 received next stop 4
2014/03/26 23:14:28 tram 073fc6d2-bad2-48bb-57e9-0bbef73ca66e arrived at stop 2
2014/03/26 23:14:28 tram 073fc6d2-bad2-48bb-57e9-0bbef73ca66e received next stop 24
2014/03/26 23:14:29 tram 1707bad2-fd5b-4ad5-6a60-4b75a0ae1859 arrived at stop 3
2014/03/26 23:14:29 tram 1707bad2-fd5b-4ad5-6a60-4b75a0ae1859 received next stop 2
2014/03/26 23:14:37 tram 4e421389-6c5f-451c-4201-d89120cf9018 arrived at stop 2
2014/03/26 23:14:37 tram 4e421389-6c5f-451c-4201-d89120cf9018 received next stop 1
2014/03/26 23:14:39 tram 2825d943-ac16-42d0-69ac-be1e48556f92 arrived at stop 3
2014/03/26 23:14:39 tram 2825d943-ac16-42d0-69ac-be1e48556f92 received next stop 2
2014/03/26 23:14:40 tram 1707bad2-fd5b-4ad5-6a60-4b75a0ae1859 arrived at stop 2
2014/03/26 23:14:40 tram 1707bad2-fd5b-4ad5-6a60-4b75a0ae1859 received next stop 1
2014/03/26 23:14:42 tram 410b133b-033f-4419-49c2-308eee554358 arrived at stop 2
2014/03/26 23:14:42 tram 410b133b-033f-4419-49c2-308eee554358 received next stop 24
2014/03/26 23:14:42 tram 46d9be4d-54e2-4dce-4519-13c7c1fe6890 arrived at stop 4
2014/03/26 23:14:42 tram 46d9be4d-54e2-4dce-4519-13c7c1fe6890 received next stop 5
2014/03/26 23:14:44 tram 073fc6d2-bad2-48bb-57e9-0bbef73ca66e arrived at stop 24
2014/03/26 23:14:44 tram 073fc6d2-bad2-48bb-57e9-0bbef73ca66e received next stop 23
2014/03/26 23:14:51 tram 4e421389-6c5f-451c-4201-d89120cf9018 arrived at stop 1
2014/03/26 23:14:51 tram 1707bad2-fd5b-4ad5-6a60-4b75a0ae1859 arrived at stop 1
2014/03/26 23:14:51 tram 4e421389-6c5f-451c-4201-d89120cf9018 received next stop 2
2014/03/26 23:14:51 tram 1707bad2-fd5b-4ad5-6a60-4b75a0ae1859 received next stop 2
2014/03/26 23:14:52 tram 46d9be4d-54e2-4dce-4519-13c7c1fe6890 arrived at stop 5
2014/03/26 23:14:52 tram 46d9be4d-54e2-4dce-4519-13c7c1fe6890 received next stop 34
2014/03/26 23:14:55 tram 410b133b-033f-4419-49c2-308eee554358 arrived at stop 24
2014/03/26 23:14:55 tram 410b133b-033f-4419-49c2-308eee554358 received next stop 23
2014/03/26 23:14:57 tram 073fc6d2-bad2-48bb-57e9-0bbef73ca66e arrived at stop 23
2014/03/26 23:14:57 tram 073fc6d2-bad2-48bb-57e9-0bbef73ca66e received next stop 24
2014/03/26 23:14:58 tram 2825d943-ac16-42d0-69ac-be1e48556f92 arrived at stop 2
2014/03/26 23:14:58 tram 2825d943-ac16-42d0-69ac-be1e48556f92 received next stop 1
2014/03/26 23:15:07 tram 46d9be4d-54e2-4dce-4519-13c7c1fe6890 arrived at stop 34
2014/03/26 23:15:07 tram 46d9be4d-54e2-4dce-4519-13c7c1fe6890 received next stop 22
2014/03/26 23:15:07 tram 4e421389-6c5f-451c-4201-d89120cf9018 arrived at stop 2
2014/03/26 23:15:07 tram 4e421389-6c5f-451c-4201-d89120cf9018 received next stop 7
2014/03/26 23:15:09 tram 410b133b-033f-4419-49c2-308eee554358 arrived at stop 23
2014/03/26 23:15:09 tram 410b133b-033f-4419-49c2-308eee554358 received next stop 24
2014/03/26 23:15:10 tram 2825d943-ac16-42d0-69ac-be1e48556f92 arrived at stop 1
2014/03/26 23:15:10 tram 2825d943-ac16-42d0-69ac-be1e48556f92 received next stop 2
2014/03/26 23:15:10 tram 1707bad2-fd5b-4ad5-6a60-4b75a0ae1859 arrived at stop 2
2014/03/26 23:15:10 tram 1707bad2-fd5b-4ad5-6a60-4b75a0ae1859 received next stop 3
2014/03/26 23:15:16 tram 073fc6d2-bad2-48bb-57e9-0bbef73ca66e arrived at stop 24
2014/03/26 23:15:16 tram 073fc6d2-bad2-48bb-57e9-0bbef73ca66e received next stop 2
2014/03/26 23:15:18 tram 46d9be4d-54e2-4dce-4519-13c7c1fe6890 arrived at stop 22
2014/03/26 23:15:22 tram 410b133b-033f-4419-49c2-308eee554358 arrived at stop 24
2014/03/26 23:15:22 tram 410b133b-033f-4419-49c2-308eee554358 received next stop 2
2014/03/26 23:15:23 tram 2825d943-ac16-42d0-69ac-be1e48556f92 arrived at stop 2
2014/03/26 23:15:23 tram 2825d943-ac16-42d0-69ac-be1e48556f92 received next stop 3
2014/03/26 23:15:26 tram 4e421389-6c5f-451c-4201-d89120cf9018 arrived at stop 7
2014/03/26 23:15:26 tram 4e421389-6c5f-451c-4201-d89120cf9018 received next stop 9
2014/03/26 23:15:29 tram 1707bad2-fd5b-4ad5-6a60-4b75a0ae1859 arrived at stop 3
2014/03/26 23:15:35 tram 410b133b-033f-4419-49c2-308eee554358 arrived at stop 2
2014/03/26 23:15:35 tram 073fc6d2-bad2-48bb-57e9-0bbef73ca66e arrived at stop 2
2014/03/26 23:15:39 tram 2825d943-ac16-42d0-69ac-be1e48556f92 arrived at stop 3
2014/03/26 23:15:43 tram 4e421389-6c5f-451c-4201-d89120cf9018 arrived at stop 9
2014/03/26 23:16:13 loop timeout, no events for 30 seconds
